<?xml version="1.0" encoding="UTF-8"?>
<testsuite name="test.java.CourseTest" tests="5" skipped="0" failures="0" errors="0" timestamp="2019-04-02T04:39:19" hostname="DESKTOP-UKCM5VT" time="0.023">
  <properties/>
  <testcase name="testAverageWithoutMinWithoutMax" classname="test.java.CourseTest" time="0.01"/>
  <testcase name="testSameTwoStudents" classname="test.java.CourseTest" time="0.002"/>
  <testcase name="testAverageMultiStudentsZero" classname="test.java.CourseTest" time="0.009"/>
  <testcase name="testAverageTwoStudents" classname="test.java.CourseTest" time="0.0"/>
  <testcase name="testAverageMultiStudents" classname="test.java.CourseTest" time="0.001"/>
  <system-out><![CDATA[50
55
0
75
AnswerZero: 55.0
75
80
55
65
75
AnswerThree: 65.0
]]></system-out>
  <system-err><![CDATA[]]></system-err>
</testsuite>
